2020-03-30T10:24:42+00:00 CRITICAL Uncaught Error: Call to undefined function get_seach_form() in C:\xampp1\htdocs\woocommerce\wp-content\themes\storefront-child\header.php:65
Stack trace:
#0 C:\xampp1\htdocs\woocommerce\wp-includes\template.php(722): require_once()
#1 C:\xampp1\htdocs\woocommerce\wp-includes\template.php(671): load_template('C:\\xampp1\\htdoc...', true)
#2 C:\xampp1\htdocs\woocommerce\wp-includes\general-template.php(41): locate_template(Array, true)
#3 C:\xampp1\htdocs\woocommerce\wp-content\themes\storefront-child\front-page.php(1): get_header()
#4 C:\xampp1\htdocs\woocommerce\wp-includes\template-loader.php(78): include('C:\\xampp1\\htdoc...')
#5 C:\xampp1\htdocs\woocommerce\wp-blog-header.php(19): require_once('C:\\xampp1\\htdoc...')
#6 C:\xampp1\htdocs\woocommerce\index.php(17): require('C:\\xampp1\\htdoc...')
#7 {main}
  thrown in C:\xampp1\htdocs\woocommerce\wp-content\themes\storefront-child\header.php on line 65

2020-03-30T10:24:43+00:00 CRITICAL Uncaught Error: Call to undefined function get_seach_form() in C:\xampp1\htdocs\woocommerce\wp-content\themes\storefront-child\header.php:65
Stack trace:
#0 C:\xampp1\htdocs\woocommerce\wp-includes\template.php(722): require_once()
#1 C:\xampp1\htdocs\woocommerce\wp-includes\template.php(671): load_template('C:\\xampp1\\htdoc...', true)
#2 C:\xampp1\htdocs\woocommerce\wp-includes\general-template.php(41): locate_template(Array, true)
#3 C:\xampp1\htdocs\woocommerce\wp-content\themes\storefront\404.php(8): get_header()
#4 C:\xampp1\htdocs\woocommerce\wp-includes\template-loader.php(78): include('C:\\xampp1\\htdoc...')
#5 C:\xampp1\htdocs\woocommerce\wp-blog-header.php(19): require_once('C:\\xampp1\\htdoc...')
#6 C:\xampp1\htdocs\woocommerce\index.php(17): require('C:\\xampp1\\htdoc...')
#7 {main}
  thrown in C:\xampp1\htdocs\woocommerce\wp-content\themes\storefront-child\header.php on line 65

2020-03-30T12:41:29+00:00 CRITICAL syntax error, unexpected 'class' (T_CLASS) in C:\xampp1\htdocs\woocommerce\wp-content\themes\storefront-child\header.php on line 69

2020-03-30T16:43:03+00:00 CRITICAL syntax error, unexpected ')' in C:\xampp1\htdocs\woocommerce\wp-content\themes\storefront-child\functions.php on line 28

