2020-04-02T10:48:14+00:00 CRITICAL Uncaught Error: Call to undefined function menu_extra_nav() in C:\xampp1\htdocs\woocommerce\wp-content\themes\storefront-child\header.php:57
Stack trace:
#0 C:\xampp1\htdocs\woocommerce\wp-includes\template.php(722): require_once()
#1 C:\xampp1\htdocs\woocommerce\wp-includes\template.php(671): load_template('C:\\xampp1\\htdoc...', true)
#2 C:\xampp1\htdocs\woocommerce\wp-includes\general-template.php(41): locate_template(Array, true)
#3 C:\xampp1\htdocs\woocommerce\wp-content\themes\storefront-child\front-page.php(1): get_header()
#4 C:\xampp1\htdocs\woocommerce\wp-includes\template-loader.php(78): include('C:\\xampp1\\htdoc...')
#5 C:\xampp1\htdocs\woocommerce\wp-blog-header.php(19): require_once('C:\\xampp1\\htdoc...')
#6 C:\xampp1\htdocs\woocommerce\index.php(17): require('C:\\xampp1\\htdoc...')
#7 {main}
  thrown in C:\xampp1\htdocs\woocommerce\wp-content\themes\storefront-child\header.php on line 57

2020-04-02T10:48:15+00:00 CRITICAL Uncaught Error: Call to undefined function menu_extra_nav() in C:\xampp1\htdocs\woocommerce\wp-content\themes\storefront-child\header.php:57
Stack trace:
#0 C:\xampp1\htdocs\woocommerce\wp-includes\template.php(722): require_once()
#1 C:\xampp1\htdocs\woocommerce\wp-includes\template.php(671): load_template('C:\\xampp1\\htdoc...', true)
#2 C:\xampp1\htdocs\woocommerce\wp-includes\general-template.php(41): locate_template(Array, true)
#3 C:\xampp1\htdocs\woocommerce\wp-content\themes\storefront\404.php(8): get_header()
#4 C:\xampp1\htdocs\woocommerce\wp-includes\template-loader.php(78): include('C:\\xampp1\\htdoc...')
#5 C:\xampp1\htdocs\woocommerce\wp-blog-header.php(19): require_once('C:\\xampp1\\htdoc...')
#6 C:\xampp1\htdocs\woocommerce\index.php(17): require('C:\\xampp1\\htdoc...')
#7 {main}
  thrown in C:\xampp1\htdocs\woocommerce\wp-content\themes\storefront-child\header.php on line 57

2020-04-02T11:08:08+00:00 CRITICAL Uncaught ArgumentCountError: Too few arguments to function oenology_add_menu_parent_class(), 0 passed in C:\xampp1\htdocs\woocommerce\wp-content\themes\storefront-child\header.php on line 55 and exactly 1 expected in C:\xampp1\htdocs\woocommerce\wp-content\themes\storefront-child\functions.php:43
Stack trace:
#0 C:\xampp1\htdocs\woocommerce\wp-content\themes\storefront-child\header.php(55): oenology_add_menu_parent_class()
#1 C:\xampp1\htdocs\woocommerce\wp-includes\template.php(722): require_once('C:\\xampp1\\htdoc...')
#2 C:\xampp1\htdocs\woocommerce\wp-includes\template.php(671): load_template('C:\\xampp1\\htdoc...', true)
#3 C:\xampp1\htdocs\woocommerce\wp-includes\general-template.php(41): locate_template(Array, true)
#4 C:\xampp1\htdocs\woocommerce\wp-content\themes\storefront-child\front-page.php(1): get_header()
#5 C:\xampp1\htdocs\woocommerce\wp-includes\template-loader.php(78): include('C:\\xampp1\\htdoc...')
#6 C:\xampp1\htdocs\woocommerce\wp-blog-header.php(19): require_once('C:\\xampp1\\htdoc...' in C:\xampp1\htdocs\woocommerce\wp-content\themes\storefront-child\functions.php on line 43

2020-04-02T11:08:39+00:00 CRITICAL Uncaught ArgumentCountError: Too few arguments to function oenology_add_menu_parent_class(), 0 passed in C:\xampp1\htdocs\woocommerce\wp-content\themes\storefront-child\header.php on line 55 and exactly 1 expected in C:\xampp1\htdocs\woocommerce\wp-content\themes\storefront-child\functions.php:43
Stack trace:
#0 C:\xampp1\htdocs\woocommerce\wp-content\themes\storefront-child\header.php(55): oenology_add_menu_parent_class()
#1 C:\xampp1\htdocs\woocommerce\wp-includes\template.php(722): require_once('C:\\xampp1\\htdoc...')
#2 C:\xampp1\htdocs\woocommerce\wp-includes\template.php(671): load_template('C:\\xampp1\\htdoc...', true)
#3 C:\xampp1\htdocs\woocommerce\wp-includes\general-template.php(41): locate_template(Array, true)
#4 C:\xampp1\htdocs\woocommerce\wp-content\themes\storefront\404.php(8): get_header()
#5 C:\xampp1\htdocs\woocommerce\wp-includes\template-loader.php(78): include('C:\\xampp1\\htdoc...')
#6 C:\xampp1\htdocs\woocommerce\wp-blog-header.php(19): require_once('C:\\xampp1\\htdoc...')
#7 C:\xampp in C:\xampp1\htdocs\woocommerce\wp-content\themes\storefront-child\functions.php on line 43

2020-04-02T11:08:59+00:00 CRITICAL syntax error, unexpected '}', expecting end of file in C:\xampp1\htdocs\woocommerce\wp-content\themes\storefront-child\functions.php on line 61

2020-04-02T11:09:13+00:00 CRITICAL Uncaught ArgumentCountError: Too few arguments to function oenology_add_menu_parent_class(), 0 passed in C:\xampp1\htdocs\woocommerce\wp-content\themes\storefront-child\header.php on line 55 and exactly 1 expected in C:\xampp1\htdocs\woocommerce\wp-content\themes\storefront-child\functions.php:43
Stack trace:
#0 C:\xampp1\htdocs\woocommerce\wp-content\themes\storefront-child\header.php(55): oenology_add_menu_parent_class()
#1 C:\xampp1\htdocs\woocommerce\wp-includes\template.php(722): require_once('C:\\xampp1\\htdoc...')
#2 C:\xampp1\htdocs\woocommerce\wp-includes\template.php(671): load_template('C:\\xampp1\\htdoc...', true)
#3 C:\xampp1\htdocs\woocommerce\wp-includes\general-template.php(41): locate_template(Array, true)
#4 C:\xampp1\htdocs\woocommerce\wp-content\themes\storefront-child\front-page.php(1): get_header()
#5 C:\xampp1\htdocs\woocommerce\wp-includes\template-loader.php(78): include('C:\\xampp1\\htdoc...')
#6 C:\xampp1\htdocs\woocommerce\wp-blog-header.php(19): require_once('C:\\xampp1\\htdoc...' in C:\xampp1\htdocs\woocommerce\wp-content\themes\storefront-child\functions.php on line 43

2020-04-02T11:09:14+00:00 CRITICAL Uncaught ArgumentCountError: Too few arguments to function oenology_add_menu_parent_class(), 0 passed in C:\xampp1\htdocs\woocommerce\wp-content\themes\storefront-child\header.php on line 55 and exactly 1 expected in C:\xampp1\htdocs\woocommerce\wp-content\themes\storefront-child\functions.php:43
Stack trace:
#0 C:\xampp1\htdocs\woocommerce\wp-content\themes\storefront-child\header.php(55): oenology_add_menu_parent_class()
#1 C:\xampp1\htdocs\woocommerce\wp-includes\template.php(722): require_once('C:\\xampp1\\htdoc...')
#2 C:\xampp1\htdocs\woocommerce\wp-includes\template.php(671): load_template('C:\\xampp1\\htdoc...', true)
#3 C:\xampp1\htdocs\woocommerce\wp-includes\general-template.php(41): locate_template(Array, true)
#4 C:\xampp1\htdocs\woocommerce\wp-content\themes\storefront\404.php(8): get_header()
#5 C:\xampp1\htdocs\woocommerce\wp-includes\template-loader.php(78): include('C:\\xampp1\\htdoc...')
#6 C:\xampp1\htdocs\woocommerce\wp-blog-header.php(19): require_once('C:\\xampp1\\htdoc...')
#7 C:\xampp in C:\xampp1\htdocs\woocommerce\wp-content\themes\storefront-child\functions.php on line 43

2020-04-02T11:09:57+00:00 CRITICAL Uncaught ArgumentCountError: Too few arguments to function oenology_add_menu_parent_class(), 0 passed in C:\xampp1\htdocs\woocommerce\wp-content\themes\storefront-child\header.php on line 55 and exactly 1 expected in C:\xampp1\htdocs\woocommerce\wp-content\themes\storefront-child\functions.php:43
Stack trace:
#0 C:\xampp1\htdocs\woocommerce\wp-content\themes\storefront-child\header.php(55): oenology_add_menu_parent_class()
#1 C:\xampp1\htdocs\woocommerce\wp-includes\template.php(722): require_once('C:\\xampp1\\htdoc...')
#2 C:\xampp1\htdocs\woocommerce\wp-includes\template.php(671): load_template('C:\\xampp1\\htdoc...', true)
#3 C:\xampp1\htdocs\woocommerce\wp-includes\general-template.php(41): locate_template(Array, true)
#4 C:\xampp1\htdocs\woocommerce\wp-content\themes\storefront-child\front-page.php(1): get_header()
#5 C:\xampp1\htdocs\woocommerce\wp-includes\template-loader.php(78): include('C:\\xampp1\\htdoc...')
#6 C:\xampp1\htdocs\woocommerce\wp-blog-header.php(19): require_once('C:\\xampp1\\htdoc...' in C:\xampp1\htdocs\woocommerce\wp-content\themes\storefront-child\functions.php on line 43

2020-04-02T11:09:59+00:00 CRITICAL Uncaught ArgumentCountError: Too few arguments to function oenology_add_menu_parent_class(), 0 passed in C:\xampp1\htdocs\woocommerce\wp-content\themes\storefront-child\header.php on line 55 and exactly 1 expected in C:\xampp1\htdocs\woocommerce\wp-content\themes\storefront-child\functions.php:43
Stack trace:
#0 C:\xampp1\htdocs\woocommerce\wp-content\themes\storefront-child\header.php(55): oenology_add_menu_parent_class()
#1 C:\xampp1\htdocs\woocommerce\wp-includes\template.php(722): require_once('C:\\xampp1\\htdoc...')
#2 C:\xampp1\htdocs\woocommerce\wp-includes\template.php(671): load_template('C:\\xampp1\\htdoc...', true)
#3 C:\xampp1\htdocs\woocommerce\wp-includes\general-template.php(41): locate_template(Array, true)
#4 C:\xampp1\htdocs\woocommerce\wp-content\themes\storefront\404.php(8): get_header()
#5 C:\xampp1\htdocs\woocommerce\wp-includes\template-loader.php(78): include('C:\\xampp1\\htdoc...')
#6 C:\xampp1\htdocs\woocommerce\wp-blog-header.php(19): require_once('C:\\xampp1\\htdoc...')
#7 C:\xampp in C:\xampp1\htdocs\woocommerce\wp-content\themes\storefront-child\functions.php on line 43

2020-04-02T11:10:18+00:00 CRITICAL Uncaught Error: Call to undefined function oenology_add_menu_parent_class() in C:\xampp1\htdocs\woocommerce\wp-content\themes\storefront-child\header.php:55
Stack trace:
#0 C:\xampp1\htdocs\woocommerce\wp-includes\template.php(722): require_once()
#1 C:\xampp1\htdocs\woocommerce\wp-includes\template.php(671): load_template('C:\\xampp1\\htdoc...', true)
#2 C:\xampp1\htdocs\woocommerce\wp-includes\general-template.php(41): locate_template(Array, true)
#3 C:\xampp1\htdocs\woocommerce\wp-content\themes\storefront-child\front-page.php(1): get_header()
#4 C:\xampp1\htdocs\woocommerce\wp-includes\template-loader.php(78): include('C:\\xampp1\\htdoc...')
#5 C:\xampp1\htdocs\woocommerce\wp-blog-header.php(19): require_once('C:\\xampp1\\htdoc...')
#6 C:\xampp1\htdocs\woocommerce\index.php(17): require('C:\\xampp1\\htdoc...')
#7 {main}
  thrown in C:\xampp1\htdocs\woocommerce\wp-content\themes\storefront-child\header.php on line 55

2020-04-02T11:10:20+00:00 CRITICAL Uncaught Error: Call to undefined function oenology_add_menu_parent_class() in C:\xampp1\htdocs\woocommerce\wp-content\themes\storefront-child\header.php:55
Stack trace:
#0 C:\xampp1\htdocs\woocommerce\wp-includes\template.php(722): require_once()
#1 C:\xampp1\htdocs\woocommerce\wp-includes\template.php(671): load_template('C:\\xampp1\\htdoc...', true)
#2 C:\xampp1\htdocs\woocommerce\wp-includes\general-template.php(41): locate_template(Array, true)
#3 C:\xampp1\htdocs\woocommerce\wp-content\themes\storefront\404.php(8): get_header()
#4 C:\xampp1\htdocs\woocommerce\wp-includes\template-loader.php(78): include('C:\\xampp1\\htdoc...')
#5 C:\xampp1\htdocs\woocommerce\wp-blog-header.php(19): require_once('C:\\xampp1\\htdoc...')
#6 C:\xampp1\htdocs\woocommerce\index.php(17): require('C:\\xampp1\\htdoc...')
#7 {main}
  thrown in C:\xampp1\htdocs\woocommerce\wp-content\themes\storefront-child\header.php on line 55

2020-04-02T11:10:29+00:00 CRITICAL syntax error, unexpected '}', expecting end of file in C:\xampp1\htdocs\woocommerce\wp-content\themes\storefront-child\functions.php on line 43

2020-04-02T11:10:45+00:00 CRITICAL Uncaught Error: Call to undefined function oenology_add_menu_parent_class() in C:\xampp1\htdocs\woocommerce\wp-content\themes\storefront-child\header.php:55
Stack trace:
#0 C:\xampp1\htdocs\woocommerce\wp-includes\template.php(722): require_once()
#1 C:\xampp1\htdocs\woocommerce\wp-includes\template.php(671): load_template('C:\\xampp1\\htdoc...', true)
#2 C:\xampp1\htdocs\woocommerce\wp-includes\general-template.php(41): locate_template(Array, true)
#3 C:\xampp1\htdocs\woocommerce\wp-content\themes\storefront-child\front-page.php(1): get_header()
#4 C:\xampp1\htdocs\woocommerce\wp-includes\template-loader.php(78): include('C:\\xampp1\\htdoc...')
#5 C:\xampp1\htdocs\woocommerce\wp-blog-header.php(19): require_once('C:\\xampp1\\htdoc...')
#6 C:\xampp1\htdocs\woocommerce\index.php(17): require('C:\\xampp1\\htdoc...')
#7 {main}
  thrown in C:\xampp1\htdocs\woocommerce\wp-content\themes\storefront-child\header.php on line 55

2020-04-02T11:10:46+00:00 CRITICAL Uncaught Error: Call to undefined function oenology_add_menu_parent_class() in C:\xampp1\htdocs\woocommerce\wp-content\themes\storefront-child\header.php:55
Stack trace:
#0 C:\xampp1\htdocs\woocommerce\wp-includes\template.php(722): require_once()
#1 C:\xampp1\htdocs\woocommerce\wp-includes\template.php(671): load_template('C:\\xampp1\\htdoc...', true)
#2 C:\xampp1\htdocs\woocommerce\wp-includes\general-template.php(41): locate_template(Array, true)
#3 C:\xampp1\htdocs\woocommerce\wp-content\themes\storefront\404.php(8): get_header()
#4 C:\xampp1\htdocs\woocommerce\wp-includes\template-loader.php(78): include('C:\\xampp1\\htdoc...')
#5 C:\xampp1\htdocs\woocommerce\wp-blog-header.php(19): require_once('C:\\xampp1\\htdoc...')
#6 C:\xampp1\htdocs\woocommerce\index.php(17): require('C:\\xampp1\\htdoc...')
#7 {main}
  thrown in C:\xampp1\htdocs\woocommerce\wp-content\themes\storefront-child\header.php on line 55

2020-04-02T11:10:58+00:00 CRITICAL Uncaught Error: Call to undefined function oenology_add_menu_parent_class() in C:\xampp1\htdocs\woocommerce\wp-content\themes\storefront-child\header.php:55
Stack trace:
#0 C:\xampp1\htdocs\woocommerce\wp-includes\template.php(722): require_once()
#1 C:\xampp1\htdocs\woocommerce\wp-includes\template.php(671): load_template('C:\\xampp1\\htdoc...', true)
#2 C:\xampp1\htdocs\woocommerce\wp-includes\general-template.php(41): locate_template(Array, true)
#3 C:\xampp1\htdocs\woocommerce\wp-content\themes\storefront-child\front-page.php(1): get_header()
#4 C:\xampp1\htdocs\woocommerce\wp-includes\template-loader.php(78): include('C:\\xampp1\\htdoc...')
#5 C:\xampp1\htdocs\woocommerce\wp-blog-header.php(19): require_once('C:\\xampp1\\htdoc...')
#6 C:\xampp1\htdocs\woocommerce\index.php(17): require('C:\\xampp1\\htdoc...')
#7 {main}
  thrown in C:\xampp1\htdocs\woocommerce\wp-content\themes\storefront-child\header.php on line 55

2020-04-02T11:11:03+00:00 CRITICAL Uncaught Error: Call to undefined function oenology_add_menu_parent_class() in C:\xampp1\htdocs\woocommerce\wp-content\themes\storefront-child\header.php:55
Stack trace:
#0 C:\xampp1\htdocs\woocommerce\wp-includes\template.php(722): require_once()
#1 C:\xampp1\htdocs\woocommerce\wp-includes\template.php(671): load_template('C:\\xampp1\\htdoc...', true)
#2 C:\xampp1\htdocs\woocommerce\wp-includes\general-template.php(41): locate_template(Array, true)
#3 C:\xampp1\htdocs\woocommerce\wp-content\themes\storefront\404.php(8): get_header()
#4 C:\xampp1\htdocs\woocommerce\wp-includes\template-loader.php(78): include('C:\\xampp1\\htdoc...')
#5 C:\xampp1\htdocs\woocommerce\wp-blog-header.php(19): require_once('C:\\xampp1\\htdoc...')
#6 C:\xampp1\htdocs\woocommerce\index.php(17): require('C:\\xampp1\\htdoc...')
#7 {main}
  thrown in C:\xampp1\htdocs\woocommerce\wp-content\themes\storefront-child\header.php on line 55

2020-04-02T11:11:09+00:00 CRITICAL Uncaught Error: Call to undefined function oenology_add_menu_parent_class() in C:\xampp1\htdocs\woocommerce\wp-content\themes\storefront-child\header.php:55
Stack trace:
#0 C:\xampp1\htdocs\woocommerce\wp-includes\template.php(722): require_once()
#1 C:\xampp1\htdocs\woocommerce\wp-includes\template.php(671): load_template('C:\\xampp1\\htdoc...', true)
#2 C:\xampp1\htdocs\woocommerce\wp-includes\general-template.php(41): locate_template(Array, true)
#3 C:\xampp1\htdocs\woocommerce\wp-content\themes\storefront-child\front-page.php(1): get_header()
#4 C:\xampp1\htdocs\woocommerce\wp-includes\template-loader.php(78): include('C:\\xampp1\\htdoc...')
#5 C:\xampp1\htdocs\woocommerce\wp-blog-header.php(19): require_once('C:\\xampp1\\htdoc...')
#6 C:\xampp1\htdocs\woocommerce\index.php(17): require('C:\\xampp1\\htdoc...')
#7 {main}
  thrown in C:\xampp1\htdocs\woocommerce\wp-content\themes\storefront-child\header.php on line 55

2020-04-02T11:11:12+00:00 CRITICAL Uncaught Error: Call to undefined function oenology_add_menu_parent_class() in C:\xampp1\htdocs\woocommerce\wp-content\themes\storefront-child\header.php:55
Stack trace:
#0 C:\xampp1\htdocs\woocommerce\wp-includes\template.php(722): require_once()
#1 C:\xampp1\htdocs\woocommerce\wp-includes\template.php(671): load_template('C:\\xampp1\\htdoc...', true)
#2 C:\xampp1\htdocs\woocommerce\wp-includes\general-template.php(41): locate_template(Array, true)
#3 C:\xampp1\htdocs\woocommerce\wp-content\themes\storefront\404.php(8): get_header()
#4 C:\xampp1\htdocs\woocommerce\wp-includes\template-loader.php(78): include('C:\\xampp1\\htdoc...')
#5 C:\xampp1\htdocs\woocommerce\wp-blog-header.php(19): require_once('C:\\xampp1\\htdoc...')
#6 C:\xampp1\htdocs\woocommerce\index.php(17): require('C:\\xampp1\\htdoc...')
#7 {main}
  thrown in C:\xampp1\htdocs\woocommerce\wp-content\themes\storefront-child\header.php on line 55

2020-04-02T11:11:38+00:00 CRITICAL Uncaught Error: Call to undefined function oenology_add_menu_parent_class() in C:\xampp1\htdocs\woocommerce\wp-content\themes\storefront-child\header.php:55
Stack trace:
#0 C:\xampp1\htdocs\woocommerce\wp-includes\template.php(722): require_once()
#1 C:\xampp1\htdocs\woocommerce\wp-includes\template.php(671): load_template('C:\\xampp1\\htdoc...', true)
#2 C:\xampp1\htdocs\woocommerce\wp-includes\general-template.php(41): locate_template(Array, true)
#3 C:\xampp1\htdocs\woocommerce\wp-content\themes\storefront-child\front-page.php(1): get_header()
#4 C:\xampp1\htdocs\woocommerce\wp-includes\template-loader.php(78): include('C:\\xampp1\\htdoc...')
#5 C:\xampp1\htdocs\woocommerce\wp-blog-header.php(19): require_once('C:\\xampp1\\htdoc...')
#6 C:\xampp1\htdocs\woocommerce\index.php(17): require('C:\\xampp1\\htdoc...')
#7 {main}
  thrown in C:\xampp1\htdocs\woocommerce\wp-content\themes\storefront-child\header.php on line 55

2020-04-02T11:12:12+00:00 CRITICAL Uncaught ArgumentCountError: Too few arguments to function oenology_add_menu_parent_class(), 0 passed in C:\xampp1\htdocs\woocommerce\wp-content\themes\storefront-child\header.php on line 55 and exactly 1 expected in C:\xampp1\htdocs\woocommerce\wp-content\themes\storefront-child\functions.php:43
Stack trace:
#0 C:\xampp1\htdocs\woocommerce\wp-content\themes\storefront-child\header.php(55): oenology_add_menu_parent_class()
#1 C:\xampp1\htdocs\woocommerce\wp-includes\template.php(722): require_once('C:\\xampp1\\htdoc...')
#2 C:\xampp1\htdocs\woocommerce\wp-includes\template.php(671): load_template('C:\\xampp1\\htdoc...', true)
#3 C:\xampp1\htdocs\woocommerce\wp-includes\general-template.php(41): locate_template(Array, true)
#4 C:\xampp1\htdocs\woocommerce\wp-content\themes\storefront-child\front-page.php(1): get_header()
#5 C:\xampp1\htdocs\woocommerce\wp-includes\template-loader.php(78): include('C:\\xampp1\\htdoc...')
#6 C:\xampp1\htdocs\woocommerce\wp-blog-header.php(19): require_once('C:\\xampp1\\htdoc...' in C:\xampp1\htdocs\woocommerce\wp-content\themes\storefront-child\functions.php on line 43

2020-04-02T11:12:18+00:00 CRITICAL Uncaught ArgumentCountError: Too few arguments to function oenology_add_menu_parent_class(), 0 passed in C:\xampp1\htdocs\woocommerce\wp-content\themes\storefront-child\header.php on line 55 and exactly 1 expected in C:\xampp1\htdocs\woocommerce\wp-content\themes\storefront-child\functions.php:43
Stack trace:
#0 C:\xampp1\htdocs\woocommerce\wp-content\themes\storefront-child\header.php(55): oenology_add_menu_parent_class()
#1 C:\xampp1\htdocs\woocommerce\wp-includes\template.php(722): require_once('C:\\xampp1\\htdoc...')
#2 C:\xampp1\htdocs\woocommerce\wp-includes\template.php(671): load_template('C:\\xampp1\\htdoc...', true)
#3 C:\xampp1\htdocs\woocommerce\wp-includes\general-template.php(41): locate_template(Array, true)
#4 C:\xampp1\htdocs\woocommerce\wp-content\themes\storefront\404.php(8): get_header()
#5 C:\xampp1\htdocs\woocommerce\wp-includes\template-loader.php(78): include('C:\\xampp1\\htdoc...')
#6 C:\xampp1\htdocs\woocommerce\wp-blog-header.php(19): require_once('C:\\xampp1\\htdoc...')
#7 C:\xampp in C:\xampp1\htdocs\woocommerce\wp-content\themes\storefront-child\functions.php on line 43

2020-04-02T11:17:43+00:00 CRITICAL syntax error, unexpected 'arguments' (T_STRING), expecting ']' in C:\xampp1\htdocs\woocommerce\wp-content\themes\storefront-child\header.php on line 55

2020-04-02T11:18:17+00:00 CRITICAL syntax error, unexpected '?>', expecting ')' in C:\xampp1\htdocs\woocommerce\wp-content\themes\storefront-child\header.php on line 55

2020-04-02T11:20:23+00:00 CRITICAL syntax error, unexpected '?>', expecting ')' in C:\xampp1\htdocs\woocommerce\wp-content\themes\storefront-child\header.php on line 55

